2025-10-14 23:34:43,206 - INFO - ================================================================================
2025-10-14 23:34:43,206 - INFO - RETRY FAILED UPLOADS
2025-10-14 23:34:43,206 - INFO - ================================================================================
2025-10-14 23:34:43,207 - INFO - Found 28 failed files to retry
2025-10-14 23:34:43,207 - INFO - 
2025-10-14 23:34:43,207 - INFO - [1/28] Uploading: projects/netzwaechter_refactored/05-backend/MIDDLEWARE_STACK.md
2025-10-14 23:34:43,322 - ERROR - ✗ Failed to upload projects/netzwaechter_refactored/05-backend/MIDDLEWARE_STACK.md: HTTP 502
2025-10-14 23:34:46,323 - INFO - [2/28] Uploading: projects/netzwaechter_refactored/06-configuration/CONFIGURATION_OVERVIEW.md
2025-10-14 23:34:46,356 - ERROR - ✗ Failed to upload projects/netzwaechter_refactored/06-configuration/CONFIGURATION_OVERVIEW.md: HTTP 502
2025-10-14 23:34:49,357 - INFO - [3/28] Uploading: projects/netzwaechter_refactored/06-configuration/DATABASES.md
2025-10-14 23:34:49,390 - ERROR - ✗ Failed to upload projects/netzwaechter_refactored/06-configuration/DATABASES.md: HTTP 502
2025-10-14 23:34:52,391 - INFO - [4/28] Uploading: projects/netzwaechter_refactored/06-configuration/DEPENDENCIES.md
2025-10-14 23:34:52,424 - ERROR - ✗ Failed to upload projects/netzwaechter_refactored/06-configuration/DEPENDENCIES.md: HTTP 502
2025-10-14 23:34:55,424 - INFO - [5/28] Uploading: projects/netzwaechter_refactored/06-configuration/DEPLOYMENT_REQUIREMENTS.md
2025-10-14 23:34:55,455 - ERROR - ✗ Failed to upload projects/netzwaechter_refactored/06-configuration/DEPLOYMENT_REQUIREMENTS.md: HTTP 502
2025-10-14 23:34:58,457 - INFO - [6/28] Uploading: projects/netzwaechter_refactored/06-configuration/DEVELOPMENT_SETUP.md
2025-10-14 23:34:58,487 - ERROR - ✗ Failed to upload projects/netzwaechter_refactored/06-configuration/DEVELOPMENT_SETUP.md: HTTP 502
2025-10-14 23:35:01,488 - INFO - [7/28] Uploading: projects/netzwaechter_refactored/06-configuration/ENVIRONMENT_VARIABLES.md
2025-10-14 23:35:01,521 - ERROR - ✗ Failed to upload projects/netzwaechter_refactored/06-configuration/ENVIRONMENT_VARIABLES.md: HTTP 502
2025-10-14 23:35:04,522 - INFO - [8/28] Uploading: projects/netzwaechter_refactored/06-configuration/EXTERNAL_SERVICES.md
2025-10-14 23:35:04,553 - ERROR - ✗ Failed to upload projects/netzwaechter_refactored/06-configuration/EXTERNAL_SERVICES.md: HTTP 502
2025-10-14 23:35:07,556 - INFO - [9/28] Uploading: projects/netzwaechter_refactored/07-standards/BACKEND_PATTERNS.md
2025-10-14 23:35:07,593 - ERROR - ✗ Failed to upload projects/netzwaechter_refactored/07-standards/BACKEND_PATTERNS.md: HTTP 502
2025-10-14 23:35:10,594 - INFO - [10/28] Uploading: projects/netzwaechter_refactored/07-standards/CODING_STANDARDS.md
2025-10-14 23:35:10,628 - ERROR - ✗ Failed to upload projects/netzwaechter_refactored/07-standards/CODING_STANDARDS.md: HTTP 502
